<?xml version="1.0" encoding="UTF-8"?>
<!-- Generated by org.testng.reporters.JUnitReportReporter -->
<testsuite hostname="DESKTOP-IUA5LOI" failures="0" tests="1" name="com.Inetbanking.testCases.TC_LoginTest_001" time="2.259" errors="0" timestamp="2024-05-24T09:55:46 IST" skipped="0">
  <testcase classname="com.Inetbanking.testCases.TC_LoginTest_001" name="loginTest" time="2.259"/>
</testsuite> <!-- com.Inetbanking.testCases.TC_LoginTest_001 -->
