<?xml version="1.0" encoding="UTF-8"?>
<!-- Generated by org.testng.reporters.JUnitReportReporter -->
<testsuite hostname="DESKTOP-IUA5LOI" failures="0" tests="1" name="com.Inetbanking.testCases.TC_AddCustomerTest_003" time="20.514" errors="0" timestamp="2024-06-09T16:11:04 IST" skipped="0">
  <testcase classname="com.Inetbanking.testCases.TC_AddCustomerTest_003" name="addNewCustomer" time="20.514"/>
</testsuite> <!-- com.Inetbanking.testCases.TC_AddCustomerTest_003 -->
