<?xml version="1.0" encoding="UTF-8"?>
<!-- Generated by org.testng.reporters.JUnitReportReporter -->
<testsuite hostname="DESKTOP-IUA5LOI" failures="0" tests="1" name="com.Inetbanking.testCases.TC_AddCustomerTest_003" time="19.279" errors="0" timestamp="2024-05-25T15:07:13 IST" skipped="0">
  <testcase classname="com.Inetbanking.testCases.TC_AddCustomerTest_003" name="addNewCustomer" time="19.279"/>
</testsuite> <!-- com.Inetbanking.testCases.TC_AddCustomerTest_003 -->
